<?xml version="1.0" encoding="UTF-8"?>
<!-- Generated by org.testng.reporters.JUnitReportReporter -->
<testsuite hostname="ofc-02696-m" failures="0" tests="1" name="appium.Testcase" time="86.103" errors="0" timestamp="2021-11-27T01:58:07 CET" skipped="0">
  <testcase classname="appium.Testcase" name="LoginOnboardingLogout" time="86.103"/>
  <system-out>
    <![CDATA[The user logged in successfully
The user passed onboarding successfully
User logged out successfully]]>
  </system-out>
</testsuite> <!-- appium.Testcase -->
