<?xml version="1.0" encoding="UTF-8"?>
<!-- Generated by org.testng.reporters.JUnitReportReporter -->
<testsuite hostname="ofc-02696-m" failures="0" tests="2" name="regression.CreatorsClubTC" time="82.185" errors="0" timestamp="2021-12-03T16:02:56 CET" skipped="0">
  <testcase classname="regression.CreatorsClubTC" name="initiatecap" time="11.935"/>
  <system-out/>
  <testcase classname="regression.CreatorsClubTC" name="FullCreatorsClubTC" time="70.250"/>
  <system-out>
    <![CDATA[Creators Club is openned successfully
Overview tab and History tab checked successfully
More options are shown successfully
Creator pass is shown successfully
Earn points is shown and show-more buttons are working successfully
Levels checked and can be opened successfully]]>
  </system-out>
</testsuite> <!-- regression.CreatorsClubTC -->
