<?xml version="1.0" encoding="UTF-8"?>
<!-- Generated by org.testng.reporters.JUnitReportReporter -->
<testsuite hostname="ofc-02696-m" failures="0" tests="2" name="regression.LoginLogoutTC" time="14.195" errors="0" timestamp="2021-12-02T00:54:59 CET" skipped="1">
  <testcase classname="regression.LoginLogoutTC" name="initiatecap" time="14.195"/>
  <system-out/>
  <testcase classname="regression.LoginLogoutTC" name="LoginOnboardingLogoutTC" time="0.000">
    <skipped/>
  </testcase> <!-- LoginOnboardingLogoutTC -->
  <system-out/>
</testsuite> <!-- regression.LoginLogoutTC -->
