<?xml version="1.0" encoding="UTF-8"?>
<!-- Generated by org.testng.reporters.JUnitReportReporter -->
<testsuite hostname="ofc-02696-m" failures="0" tests="2" name="regression.RegistrationTC" time="48.706" errors="0" timestamp="2021-11-30T17:20:25 CET" skipped="0">
  <testcase classname="regression.RegistrationTC" name="initiatecap" time="8.031"/>
  <system-out/>
  <testcase classname="regression.RegistrationTC" name="FullRegistrationTC" time="40.675"/>
  <system-out>
    <![CDATA[The user is registered successfully
The onboarding is passed successfully]]>
  </system-out>
</testsuite> <!-- regression.RegistrationTC -->
