<?xml version="1.0" encoding="UTF-8"?>
<!-- Generated by org.testng.reporters.JUnitReportReporter -->
<testsuite hostname="ofc-02696-m" failures="0" tests="2" name="regression.CreatorsClubTC" time="87.933" errors="0" timestamp="2021-11-30T23:35:26 CET" skipped="0">
  <testcase classname="regression.CreatorsClubTC" name="initiatecap" time="12.412"/>
  <system-out/>
  <testcase classname="regression.CreatorsClubTC" name="FullCreatorsClubTC" time="75.521"/>
  <system-out>
    <![CDATA[Creators Club is openned successfully
Overview tab and History tab checked successfully
More options are shown successfully
Creator pass is shown successfully
Earn points is shown and show-more buttons are working successfully
Levels checked and can be opened successfully]]>
  </system-out>
</testsuite> <!-- regression.CreatorsClubTC -->
