<?xml version="1.0" encoding="UTF-8"?>
<!-- Generated by org.testng.reporters.JUnitReportReporter -->
<testsuite hostname="ofc-02696-m" failures="0" tests="2" name="regression.LoginLogoutTC" time="48.073" errors="0" timestamp="2021-11-30T17:20:25 CET" skipped="0">
  <testcase classname="regression.LoginLogoutTC" name="initiatecap" time="11.249"/>
  <system-out/>
  <testcase classname="regression.LoginLogoutTC" name="LoginOnboardingLogoutTC" time="36.824"/>
  <system-out>
    <![CDATA[The user logged in successfully
The user passed onboarding successfully
User logged out successfully]]>
  </system-out>
</testsuite> <!-- regression.LoginLogoutTC -->
