<?xml version="1.0" encoding="UTF-8"?>
<!-- Generated by org.testng.reporters.JUnitReportReporter -->
<testsuite hostname="ofc-02696-m" failures="0" tests="2" name="regression.RegistrationTC" time="42.066" errors="0" timestamp="2021-12-03T15:59:19 CET" skipped="0">
  <testcase classname="regression.RegistrationTC" name="initiatecap" time="10.308"/>
  <system-out/>
  <testcase classname="regression.RegistrationTC" name="FullRegistrationTC" time="31.758"/>
  <system-out>
    <![CDATA[The user is registered successfully
The onboarding is passed successfully]]>
  </system-out>
</testsuite> <!-- regression.RegistrationTC -->
