<?xml version="1.0" encoding="UTF-8"?>
<!-- Generated by org.testng.reporters.JUnitReportReporter -->
<testsuite hostname="ofc-02696-m" failures="0" tests="2" name="regression.LoginLogoutTC" time="53.824" errors="0" timestamp="2021-12-03T15:55:06 CET" skipped="0">
  <testcase classname="regression.LoginLogoutTC" name="initiatecap" time="16.248"/>
  <system-out/>
  <testcase classname="regression.LoginLogoutTC" name="LoginOnboardingLogoutTC" time="37.576"/>
  <system-out>
    <![CDATA[The user logged in successfully
The user passed onboarding successfully
User logged out successfully]]>
  </system-out>
</testsuite> <!-- regression.LoginLogoutTC -->
